app/build/intermediates/manifest_merge_blame_file/debug/manifest-merger-blame-debug-report.txt
1<?xml version="1.0" encoding="utf-8"?>
2<manifest xmlns:android="http://schemas.android.com/apk/res/android"
3    package="com.c22_054.apploker"
4    android:versionCode="1"
5    android:versionName="1.0" >
6
7    <uses-sdk
8        android:minSdkVersion="21"
8-->src\main\AndroidManifest.xml
9        android:targetSdkVersion="32" />
9-->src\main\AndroidManifest.xml
10
11    <uses-permission android:name="android.permission.INTERNET" />
11-->src\main\AndroidManifest.xml:6:5-67
11-->src\main\AndroidManifest.xml:6:22-64
12
13    <application
13-->src\main\AndroidManifest.xml:8:5-38:19
14        android:allowBackup="true"
14-->src\main\AndroidManifest.xml:9:9-35
15        android:appComponentFactory="androidx.core.app.CoreComponentFactory"
15-->[androidx.core:core:1.8.0] AndroidManifest.xml:24:18-86
16        android:dataExtractionRules="@xml/data_extraction_rules"
16-->src\main\AndroidManifest.xml:10:9-65
17        android:debuggable="true"
18        android:fullBackupContent="@xml/backup_rules"
18-->src\main\AndroidManifest.xml:11:9-54
19        android:icon="@mipmap/ic_launcher"
19-->src\main\AndroidManifest.xml:12:9-43
20        android:label="@string/app_name"
20-->src\main\AndroidManifest.xml:13:9-41
21        android:roundIcon="@mipmap/ic_launcher_round"
21-->src\main\AndroidManifest.xml:14:9-54
22        android:supportsRtl="true"
22-->src\main\AndroidManifest.xml:15:9-35
23        android:testOnly="true"
24        android:theme="@style/Theme.AppLoker" >
24-->src\main\AndroidManifest.xml:16:9-46
25        <activity
25-->src\main\AndroidManifest.xml:18:9-29:20
26            android:name="com.c22_054.apploker.ui.splashscreen.SplashScreenActivity"
26-->src\main\AndroidManifest.xml:19:13-65
27            android:exported="true" >
27-->src\main\AndroidManifest.xml:20:13-36
28            <intent-filter>
28-->src\main\AndroidManifest.xml:21:13-25:29
29                <action android:name="android.intent.action.MAIN" />
29-->src\main\AndroidManifest.xml:22:17-69
29-->src\main\AndroidManifest.xml:22:25-66
30
31                <category android:name="android.intent.category.LAUNCHER" />
31-->src\main\AndroidManifest.xml:24:17-77
31-->src\main\AndroidManifest.xml:24:27-74
32            </intent-filter>
33
34            <meta-data
34-->src\main\AndroidManifest.xml:26:13-28:36
35                android:name="android.app.lib_name"
35-->src\main\AndroidManifest.xml:27:17-52
36                android:value="" />
36-->src\main\AndroidManifest.xml:28:17-33
37        </activity>
38        <activity
38-->src\main\AndroidManifest.xml:30:9-33:20
39            android:name="com.c22_054.apploker.MainActivity"
39-->src\main\AndroidManifest.xml:31:13-41
40            android:exported="false" >
40-->src\main\AndroidManifest.xml:32:13-37
41        </activity>
42
43        <meta-data
43-->src\main\AndroidManifest.xml:35:9-37:57
44            android:name="preloaded_fonts"
44-->src\main\AndroidManifest.xml:36:13-43
45            android:resource="@array/preloaded_fonts" />
45-->src\main\AndroidManifest.xml:37:13-54
46
47        <uses-library
47-->[androidx.window:window:1.0.0] AndroidManifest.xml:25:9-27:40
48            android:name="androidx.window.extensions"
48-->[androidx.window:window:1.0.0] AndroidManifest.xml:26:13-54
49            android:required="false" />
49-->[androidx.window:window:1.0.0] AndroidManifest.xml:27:13-37
50        <uses-library
50-->[androidx.window:window:1.0.0] AndroidManifest.xml:28:9-30:40
51            android:name="androidx.window.sidecar"
51-->[androidx.window:window:1.0.0] AndroidManifest.xml:29:13-51
52            android:required="false" />
52-->[androidx.window:window:1.0.0] AndroidManifest.xml:30:13-37
53
54        <provider
54-->[androidx.emoji2:emoji2:1.2.0] AndroidManifest.xml:24:9-32:20
55            android:name="androidx.startup.InitializationProvider"
55-->[androidx.emoji2:emoji2:1.2.0] AndroidManifest.xml:25:13-67
56            android:authorities="com.c22_054.apploker.androidx-startup"
56-->[androidx.emoji2:emoji2:1.2.0] AndroidManifest.xml:26:13-68
57            android:exported="false" >
57-->[androidx.emoji2:emoji2:1.2.0] AndroidManifest.xml:27:13-37
58            <meta-data
58-->[androidx.emoji2:emoji2:1.2.0] AndroidManifest.xml:29:13-31:52
59                android:name="androidx.emoji2.text.EmojiCompatInitializer"
59-->[androidx.emoji2:emoji2:1.2.0] AndroidManifest.xml:30:17-75
60                android:value="androidx.startup" />
60-->[androidx.emoji2:emoji2:1.2.0] AndroidManifest.xml:31:17-49
61            <meta-data
61-->[androidx.lifecycle:lifecycle-process:2.4.1] AndroidManifest.xml:31:13-33:52
62                android:name="androidx.lifecycle.ProcessLifecycleInitializer"
62-->[androidx.lifecycle:lifecycle-process:2.4.1] AndroidManifest.xml:32:17-78
63                android:value="androidx.startup" />
63-->[androidx.lifecycle:lifecycle-process:2.4.1] AndroidManifest.xml:33:17-49
64        </provider>
65    </application>
66
67</manifest>